[22:21:39] [ServerMain/INFO]: [bootstrap] Running Java 21 (OpenJDK 64-Bit Server VM 21.0.4+7-LTS; Eclipse Adoptium Temurin-21.0.4+7) on Linux 6.8.0-49-generic (amd64)
[22:21:39] [ServerMain/INFO]: [bootstrap] Loading Paper 1.21.3-82-ver/1.21.3@5a60ffb (2024-12-23T19:10:30Z) for Minecraft 1.21.3
[22:21:39] [ServerMain/INFO]: [PluginInitializerManager] Initializing plugins...
[22:21:40] [ServerMain/INFO]: [PluginInitializerManager] Initialized 6 plugins
[22:21:40] [ServerMain/INFO]: [PluginInitializerManager] Bukkit plugins (6):
 - BlueMap (5.5), Geyser-Spigot (2.6.0-SNAPSHOT), SkinsRestorer (15.5.1), ViaBackwards (5.2.0), ViaVersion (5.2.0), floodgate (2.2.3-SNAPSHOT (b114-83fbd6e))
[22:21:42] [ServerMain/INFO]: Environment: Environment[sessionHost=https://sessionserver.mojang.com, servicesHost=https://api.minecraftservices.com, name=PROD]
[22:21:42] [ServerMain/INFO]: [MCTypeRegistry] Initialising converters for DataConverter...
[22:21:42] [ServerMain/INFO]: [MCTypeRegistry] Finished initialising converters for DataConverter in 116.1ms
[22:21:43] [ServerMain/INFO]: Loaded 1337 recipes
[22:21:43] [ServerMain/INFO]: Loaded 1448 advancements
[22:21:43] [Server thread/INFO]: Starting minecraft server version 1.21.3
[22:21:43] [Server thread/INFO]: Loading properties
[22:21:43] [Server thread/INFO]: This server is running Paper version 1.21.3-82-ver/1.21.3@5a60ffb (2024-12-23T19:10:30Z) (Implementing API version 1.21.3-R0.1-SNAPSHOT)
[22:21:43] [Server thread/INFO]: [spark] This server bundles the spark profiler. For more information please visit https://docs.papermc.io/paper/profiling
[22:21:43] [Server thread/INFO]: Server Ping Player Sample Count: 12
[22:21:43] [Server thread/INFO]: Using 4 threads for Netty based IO
[22:21:44] [Server thread/INFO]: [MoonriseCommon] Paper is using 3 worker threads, 1 I/O threads
[22:21:44] [Server thread/INFO]: [ChunkTaskScheduler] Chunk system is using population gen parallelism: true
[22:21:44] [Server thread/INFO]: Default game type: SURVIVAL
[22:21:44] [Server thread/INFO]: Generating keypair
[22:21:44] [Server thread/INFO]: Starting Minecraft server on *:25565
[22:21:44] [Server thread/INFO]: Using epoll channel type
[22:21:44] [Server thread/INFO]: Paper: Using libdeflate (Linux x86_64) compression from Velocity.
[22:21:44] [Server thread/INFO]: Paper: Using OpenSSL 3.x.x (Linux x86_64) cipher from Velocity.
[22:21:44] [Server thread/INFO]: [SpigotLibraryLoader] [BlueMap] Loading 1 libraries... please wait
[22:21:44] [Server thread/INFO]: [SpigotLibraryLoader] [BlueMap] Loaded library /data/libraries/com/flowpowered/flow-math/1.0.3/flow-math-1.0.3.jar
[22:21:44] [Server thread/INFO]: [ViaVersion] Loading server plugin ViaVersion v5.2.0
[22:21:44] [Server thread/INFO]: [ViaVersion] ViaVersion 5.2.0 is now loaded. Registering protocol transformers and injecting...
[22:21:45] [Via-Mappingloader-0/INFO]: [ViaVersion] Loading block connection mappings ...
[22:21:45] [Via-Mappingloader-0/INFO]: [ViaVersion] Using FastUtil Long2ObjectOpenHashMap for block connections
[22:21:45] [Server thread/INFO]: [ViaBackwards] Loading translations...
[22:21:45] [Server thread/INFO]: [ViaBackwards] Registering protocols...
[22:21:45] [Server thread/INFO]: [floodgate] Loading server plugin floodgate v2.2.3-SNAPSHOT (b114-83fbd6e)
[22:21:46] [Server thread/INFO]: [floodgate] Took 410ms to boot Floodgate
[22:21:46] [Server thread/INFO]: [ViaBackwards] Loading server plugin ViaBackwards v5.2.0
[22:21:46] [Server thread/INFO]: [SkinsRestorer] Loading server plugin SkinsRestorer v15.5.1
[22:21:46] [Server thread/INFO]: [BlueMap] Loading server plugin BlueMap v5.5
[22:21:46] [Server thread/INFO]: [Geyser-Spigot] Loading server plugin Geyser-Spigot v2.6.0-SNAPSHOT
[22:21:46] [Server thread/INFO]: [Geyser-Spigot] Loading extensions...
[22:21:46] [Server thread/INFO]: [Geyser-Spigot] Loaded 0 extension(s)
[22:21:46] [Server thread/INFO]: Server permissions file permissions.yml is empty, ignoring it
[22:21:46] [Server thread/INFO]: [SkinsRestorer] Enabling SkinsRestorer v15.5.1
[22:21:46] [Server thread/WARN]: [SkinsRestorer] You must agree to the rules at 'commands.perSkinPermissionsConsent' in the config to use per skin permissions.
[22:21:46] [Server thread/INFO]: [SkinsRestorer] Running on Minecraft 1.21.3.
[22:21:46] [Server thread/INFO]: [SkinsRestorer] Floodgate skin listener registered
[22:21:47] [Server thread/INFO]: [SkinsRestorer] Using paper join listener!
[22:21:47] [Server thread/WARN]: **** SERVER IS RUNNING IN OFFLINE/INSECURE MODE!
[22:21:47] [Server thread/WARN]: The server will make no attempt to authenticate usernames. Beware.
[22:21:47] [Server thread/WARN]: While this makes the game possible to play without internet access, it also opens up the ability for hackers to connect with any username they choose.
[22:21:47] [Server thread/WARN]: To change this, set "online-mode" to "true" in the server.properties file.
[22:21:47] [Server thread/INFO]: Preparing level "world"
[22:21:47] [Server thread/INFO]: Preparing start region for dimension minecraft:overworld
[22:21:47] [Server thread/INFO]: Preparing spawn area: 0%
[22:21:47] [Server thread/INFO]: Time elapsed: 376 ms
[22:21:47] [Server thread/INFO]: Preparing start region for dimension minecraft:the_nether
[22:21:47] [Server thread/INFO]: Preparing spawn area: 0%
[22:21:47] [Folia Async Scheduler Thread #1/INFO]: [SkinsRestorer] ----------------------------------------------
[22:21:47] [Folia Async Scheduler Thread #1/INFO]: [SkinsRestorer]     +==================+
[22:21:47] [Folia Async Scheduler Thread #1/INFO]: [SkinsRestorer]     |   SkinsRestorer  |
[22:21:47] [Folia Async Scheduler Thread #1/INFO]: [SkinsRestorer]     |------------------|
[22:21:47] [Folia Async Scheduler Thread #1/INFO]: [SkinsRestorer]     |  Standalone Mode |
[22:21:47] [Folia Async Scheduler Thread #1/INFO]: [SkinsRestorer]     +==================+
[22:21:47] [Folia Async Scheduler Thread #1/INFO]: [SkinsRestorer] ----------------------------------------------
[22:21:47] [Folia Async Scheduler Thread #1/INFO]: [SkinsRestorer]     Version: 15.5.1
[22:21:47] [Folia Async Scheduler Thread #1/INFO]: [SkinsRestorer]     Commit: d5d8613
[22:21:47] [Folia Async Scheduler Thread #1/INFO]: [SkinsRestorer]     This is the latest version!
[22:21:47] [Folia Async Scheduler Thread #1/INFO]: [SkinsRestorer] ----------------------------------------------
[22:21:47] [Folia Async Scheduler Thread #1/INFO]: [SkinsRestorer] Do you have issues? Read our troubleshooting guide: https://skinsrestorer.net/docs/troubleshooting
[22:21:47] [Folia Async Scheduler Thread #1/INFO]: [SkinsRestorer] Want to support SkinsRestorer? Consider donating: https://skinsrestorer.net/donate
[22:21:47] [Server thread/INFO]: Time elapsed: 99 ms
[22:21:47] [Server thread/INFO]: Preparing start region for dimension minecraft:the_end
[22:21:47] [Server thread/INFO]: Preparing spawn area: 0%
[22:21:47] [Server thread/INFO]: Time elapsed: 24 ms
[22:21:47] [Server thread/INFO]: [ViaVersion] Enabling ViaVersion v5.2.0
[22:21:47] [Server thread/INFO]: [ViaVersion] ViaVersion detected server version: 1.21.2-1.21.3 (768)
[22:21:47] [Server thread/INFO]: [floodgate] Enabling floodgate v2.2.3-SNAPSHOT (b114-83fbd6e)
[22:21:47] [Server thread/INFO]: [ViaBackwards] Enabling ViaBackwards v5.2.0
[22:21:47] [Server thread/INFO]: [BlueMap] Enabling BlueMap v5.5
[22:21:47] [Server thread/INFO]: [BlueMap] Saving all worlds once, to make sure the level.dat is present...
[22:21:47] [Server thread/WARN]: A manual (plugin-induced) save has been detected while server is configured to auto-save. This may affect performance.
[22:21:47] [BlueMap-Load/INFO]: [BlueMap] Loading...
[22:21:48] [Server thread/INFO]: [Geyser-Spigot] Enabling Geyser-Spigot v2.6.0-SNAPSHOT
[22:21:48] [Server thread/INFO]: [spark] Starting background profiler...
[22:21:48] [Server thread/INFO]: [Geyser-Spigot] ******************************************
[22:21:48] [Server thread/INFO]: [Geyser-Spigot] 
[22:21:48] [Server thread/INFO]: [Geyser-Spigot] Loading Geyser version 2.6.0-b739 (git-master-623ec2b)
[22:21:48] [Server thread/INFO]: [Geyser-Spigot] 
[22:21:48] [Server thread/INFO]: [Geyser-Spigot] ******************************************
[22:21:48] [BlueMap-Load/INFO]: [BlueMap] Loading resources...
[22:21:49] [BlueMap-Load/INFO]: [BlueMap] Loading textures...
[22:21:49] [BlueMap-Load/INFO]: [BlueMap] Baking resources...
[22:21:49] [BlueMap-Load/INFO]: [BlueMap] Resources loaded.
[22:21:49] [BlueMap-Load/INFO]: [BlueMap] Initializing Storage: 'file' (Type: 'bluemap:file')
[22:21:49] [BlueMap-Load/INFO]: [BlueMap] Loading map 'world'...
[22:21:49] [BlueMap-Load/INFO]: [BlueMap] Loading map 'world_the_end'...
[22:21:49] [BlueMap-Load/INFO]: [BlueMap] Loading map 'world_nether'...
[22:21:49] [BlueMap-Load/INFO]: [BlueMap] WebServer bound to all network interfaces on port 8100
[22:21:49] [Thread-16/INFO]: [BlueMap] WebServer started.
[22:21:50] [BlueMap-Load/INFO]: [BlueMap] Loaded!
[22:21:50] [epollEventLoopGroup-3-1/INFO]: [Geyser-Spigot] Started Geyser on UDP port 19132
[22:21:50] [Server thread/INFO]: [Geyser-Spigot] Done (2.279s)! Run /geyser help for help!
[22:21:50] [Server thread/INFO]: Done preparing level "world" (3.707s)
[22:21:50] [Server thread/INFO]: Starting GS4 status listener
[22:21:50] [Query Listener #1/INFO]: Query running on 0.0.0.0:25565
[22:21:50] [Server thread/INFO]: Thread Query Listener started
[22:21:50] [Server thread/INFO]: Starting remote control listener
[22:21:50] [Server thread/INFO]: Thread RCON Listener started
[22:21:50] [Server thread/INFO]: RCON running on 0.0.0.0:25575
[22:21:50] [Server thread/INFO]: Running delayed init tasks
[22:21:50] [Craft Scheduler Thread - 2 - ViaVersion/INFO]: [ViaVersion] Finished mapping loading, shutting down loader executor.
[22:21:50] [Server thread/INFO]: Done (11.522s)! For help, type "help"
[22:21:53] [User Authenticator #0/INFO]: UUID of player cmyde is 9da0f54c-a17c-3b96-b498-086e81ad4925
[22:21:54] [Server thread/INFO]: cmyde joined the game
[22:21:54] [Server thread/INFO]: cmyde[/219.139.246.156:6451] logged in with entity id 10 at ([world]-79.1147362063183, 6.5, 37.24385017101547)
