[2025-01-10 02:41:34][INFO] Loading resources...
[2025-01-10 02:41:34][FINE] Loading resources from: bluemap/resourceExtensions.zip ...
[2025-01-10 02:41:34][FINE] Loading resources from: bluemap/minecraft-client-1.21.3.jar ...
[2025-01-10 02:41:34][INFO] Loading textures...
[2025-01-10 02:41:34][FINE] Loading textures from: bluemap/resourceExtensions.zip ...
[2025-01-10 02:41:34][FINE] Loading textures from: bluemap/minecraft-client-1.21.3.jar ...
[2025-01-10 02:41:35][INFO] Baking resources...
[2025-01-10 02:41:35][INFO] Resources loaded.
[2025-01-10 02:41:35][FINE] Loading world world#minecraft:overworld ...
[2025-01-10 02:41:35][FINE] Loading datapack...
[2025-01-10 02:41:35][FINE] Loading datapack from: world/datapacks/bukkit ...
[2025-01-10 02:41:35][FINE] Loading datapack from: bluemap/resourceExtensions.zip ...
[2025-01-10 02:41:35][FINE] Loading datapack from: bluemap/minecraft-client-1.21.3.jar ...
[2025-01-10 02:41:35][FINE] Baking datapack...
[2025-01-10 02:41:35][FINE] Datapack loaded.
[2025-01-10 02:41:35][INFO] Initializing Storage: 'file' (Type: 'bluemap:file')
[2025-01-10 02:41:35][INFO] Loading map 'world'...
[2025-01-10 02:41:35][FINE] Loading render-state for map 'world'
[2025-01-10 02:41:35][FINE] Loading textures for map 'world'
[2025-01-10 02:41:35][FINE] Loading world world_the_end#minecraft:the_end ...
[2025-01-10 02:41:35][FINE] Loading datapack...
[2025-01-10 02:41:35][FINE] Loading datapack from: bluemap/resourceExtensions.zip ...
[2025-01-10 02:41:35][FINE] Loading datapack from: bluemap/minecraft-client-1.21.3.jar ...
[2025-01-10 02:41:35][FINE] Baking datapack...
[2025-01-10 02:41:35][FINE] Datapack loaded.
[2025-01-10 02:41:35][INFO] Loading map 'world_the_end'...
[2025-01-10 02:41:35][FINE] Loading render-state for map 'world_the_end'
[2025-01-10 02:41:35][FINE] Loading textures for map 'world_the_end'
[2025-01-10 02:41:35][FINE] Loading world world_nether#minecraft:the_nether ...
[2025-01-10 02:41:35][FINE] Loading datapack...
[2025-01-10 02:41:35][FINE] Loading datapack from: bluemap/resourceExtensions.zip ...
[2025-01-10 02:41:35][FINE] Loading datapack from: bluemap/minecraft-client-1.21.3.jar ...
[2025-01-10 02:41:35][FINE] Baking datapack...
[2025-01-10 02:41:35][FINE] Datapack loaded.
[2025-01-10 02:41:35][INFO] Loading map 'world_nether'...
[2025-01-10 02:41:35][FINE] Loading render-state for map 'world_nether'
[2025-01-10 02:41:35][FINE] Loading textures for map 'world_nether'
[2025-01-10 02:41:35][INFO] WebServer bound to all network interfaces on port 8100
[2025-01-10 02:41:35][INFO] WebServer started.
[2025-01-10 02:41:35][FINE] Started watching map 'world' for updates...
[2025-01-10 02:41:35][FINE] Started watching map 'world_the_end' for updates...
[2025-01-10 02:41:35][FINE] Started watching map 'world_nether' for updates...
[2025-01-10 02:41:35][INFO] Loaded!
[2025-01-10 02:41:56][INFO] Stopping...
[2025-01-10 02:41:56][FINE] Stopped watching map 'world' for updates.
[2025-01-10 02:41:56][FINE] Stopped watching map 'world_the_end' for updates.
[2025-01-10 02:41:56][FINE] Stopped watching map 'world_nether' for updates.
[2025-01-10 02:41:56][INFO] Waiting for task 'Update map 'world'' to stop.. (5.06%)
[2025-01-10 02:41:56][INFO] Waiting for task 'Update map 'world'' to stop.. (9.55%)
[2025-01-10 02:41:56][INFO] Waiting for task 'Update map 'world'' to stop.. (12.36%)
[2025-01-10 02:41:56][INFO] Waiting for task 'Update map 'world'' to stop.. (16.29%)
[2025-01-10 02:41:56][INFO] Waiting for task 'Update map 'world'' to stop.. (20.22%)
[2025-01-10 02:41:56][INFO] Waiting for task 'Update map 'world'' to stop.. (24.72%)
[2025-01-10 02:41:56][INFO] Waiting for task 'Update map 'world'' to stop.. (27.53%)
[2025-01-10 02:41:56][INFO] Waiting for task 'Update map 'world'' to stop.. (31.46%)
[2025-01-10 02:41:56][INFO] Waiting for task 'Update map 'world'' to stop.. (34.27%)
[2025-01-10 02:41:56][INFO] Waiting for task 'Update map 'world'' to stop.. (35.96%)
[2025-01-10 02:41:56][INFO] Waiting for task 'Update map 'world'' to stop.. (38.2%)
[2025-01-10 02:41:56][INFO] Waiting for task 'Update map 'world'' to stop.. (40.45%)
[2025-01-10 02:41:56][INFO] Waiting for task 'Update map 'world'' to stop.. (42.13%)
[2025-01-10 02:41:56][INFO] Waiting for task 'Update map 'world'' to stop.. (43.26%)
[2025-01-10 02:41:56][INFO] Waiting for task 'Update map 'world'' to stop.. (45.51%)
[2025-01-10 02:41:56][INFO] Waiting for task 'Update map 'world'' to stop.. (48.88%)
[2025-01-10 02:41:56][INFO] Waiting for task 'Update map 'world'' to stop.. (61.8%)
[2025-01-10 02:41:56][INFO] Waiting for task 'Update map 'world'' to stop.. (63.48%)
[2025-01-10 02:41:56][INFO] Waiting for task 'Update map 'world'' to stop.. (65.73%)
[2025-01-10 02:41:56][INFO] Waiting for task 'Update map 'world'' to stop.. (67.98%)
[2025-01-10 02:41:56][INFO] Waiting for task 'Update map 'world'' to stop.. (70.22%)
[2025-01-10 02:41:56][INFO] Waiting for task 'Update map 'world'' to stop.. (74.16%)
[2025-01-10 02:41:56][INFO] Waiting for task 'Update map 'world'' to stop.. (76.97%)
[2025-01-10 02:41:56][INFO] Waiting for task 'Update map 'world'' to stop.. (78.65%)
[2025-01-10 02:41:56][INFO] Waiting for task 'Update map 'world'' to stop.. (81.46%)
[2025-01-10 02:41:56][INFO] Waiting for task 'Update map 'world'' to stop.. (100.0%)
